app/build/outputs/logs/manifest-merger-debug-report.txt
-- Merging decision tree log ---
manifest
ADDED from src/main/AndroidManifest.xml:2:1-64:12
	package
		ADDED from src/main/AndroidManifest.xml:3:5-65
		INJECTED from src/main/AndroidManifest.xml
		INJECTED from src/main/AndroidManifest.xml
	android:versionName
		ADDED from src/main/AndroidManifest.xml:5:5-30
	android:versionCode
		ADDED from src/main/AndroidManifest.xml:4:5-28
		INJECTED from src/main/AndroidManifest.xml
		INJECTED from src/main/AndroidManifest.xml
	xmlns:android
		ADDED from src/main/AndroidManifest.xml:2:11-69
uses-sdk
ADDED from src/main/AndroidManifest.xml:7:5-9:41
MERGED from [com.google.android.gms:play-services-analytics:8.3.0] AndroidManifest.xml:18:5-42
MERGED from [com.google.android.gms:play-services-basement:8.3.0] AndroidManifest.xml:18:5-42
MERGED from [com.android.support:support-v4:22.2.0] AndroidManifest.xml:20:5-43
	android:targetSdkVersion
		ADDED from src/main/AndroidManifest.xml:9:9-38
		INJECTED from src/main/AndroidManifest.xml
		INJECTED from src/main/AndroidManifest.xml
	android:minSdkVersion
		ADDED from src/main/AndroidManifest.xml:8:9-34
		INJECTED from src/main/AndroidManifest.xml
		INJECTED from src/main/AndroidManifest.xml
uses-permission#android.permission.INTERNET
ADDED from src/main/AndroidManifest.xml:12:5-67
MERGED from [com.google.android.gms:play-services-analytics:8.3.0] AndroidManifest.xml:21:5-67
	android:name
		ADDED from src/main/AndroidManifest.xml:12:22-64
uses-permission#android.permission.ACCESS_NETWORK_STATE
ADDED from src/main/AndroidManifest.xml:13:5-79
MERGED from [com.google.android.gms:play-services-analytics:8.3.0] AndroidManifest.xml:22:5-79
	android:name
		ADDED from src/main/AndroidManifest.xml:13:22-76
application
ADDED from src/main/AndroidManifest.xml:15:5-63:19
MERGED from [com.google.android.gms:play-services-analytics:8.3.0] AndroidManifest.xml:24:5-20
MERGED from [com.google.android.gms:play-services-basement:8.3.0] AndroidManifest.xml:20:5-24:19
MERGED from [com.android.support:support-v4:22.2.0] AndroidManifest.xml:22:5-20
	android:label
		ADDED from src/main/AndroidManifest.xml:18:9-41
	android:allowBackup
		ADDED from src/main/AndroidManifest.xml:16:9-35
	android:icon
		ADDED from src/main/AndroidManifest.xml:17:9-45
	android:theme
		ADDED from src/main/AndroidManifest.xml:19:9-40
meta-data#com.google.android.gms.version
ADDED from src/main/AndroidManifest.xml:21:9-22:69
MERGED from [com.google.android.gms:play-services-basement:8.3.0] AndroidManifest.xml:21:9-23:69
	android:value
		ADDED from src/main/AndroidManifest.xml:22:13-66
	android:name
		ADDED from src/main/AndroidManifest.xml:21:20-65
service#com.google.android.gms.tagmanager.InstallReferrerService
ADDED from src/main/AndroidManifest.xml:25:9-92
	android:name
		ADDED from src/main/AndroidManifest.xml:25:18-89
receiver#com.google.android.gms.tagmanager.InstallReferrerReceiver
ADDED from src/main/AndroidManifest.xml:26:9-30:20
	android:exported
		ADDED from src/main/AndroidManifest.xml:26:92-115
	android:name
		ADDED from src/main/AndroidManifest.xml:26:19-91
intent-filter#com.android.vending.INSTALL_REFERRER
ADDED from src/main/AndroidManifest.xml:27:13-29:29
action#com.android.vending.INSTALL_REFERRER
ADDED from src/main/AndroidManifest.xml:28:17-79
	android:name
		ADDED from src/main/AndroidManifest.xml:28:25-76
activity#com.google.android.tagmanager.examples.cuteanimals.SplashScreenActivity
ADDED from src/main/AndroidManifest.xml:32:9-40:20
	android:label
		ADDED from src/main/AndroidManifest.xml:34:13-45
	android:noHistory
		ADDED from src/main/AndroidManifest.xml:35:13-37
	android:name
		ADDED from src/main/AndroidManifest.xml:33:13-99
intent-filter#android.intent.action.MAIN+android.intent.category.LAUNCHER
ADDED from src/main/AndroidManifest.xml:36:13-39:29
action#android.intent.action.MAIN
ADDED from src/main/AndroidManifest.xml:37:17-69
	android:name
		ADDED from src/main/AndroidManifest.xml:37:25-66
category#android.intent.category.LAUNCHER
ADDED from src/main/AndroidManifest.xml:38:17-77
	android:name
		ADDED from src/main/AndroidManifest.xml:38:27-74
activity#com.google.android.tagmanager.examples.cuteanimals.MainActivity
ADDED from src/main/AndroidManifest.xml:41:9-43:20
	android:name
		ADDED from src/main/AndroidManifest.xml:42:13-91
activity#com.google.android.tagmanager.examples.cuteanimals.CategoryViewActivity
ADDED from src/main/AndroidManifest.xml:44:9-46:20
	android:name
		ADDED from src/main/AndroidManifest.xml:45:13-99
activity#com.google.android.tagmanager.examples.cuteanimals.ImageViewActivity
ADDED from src/main/AndroidManifest.xml:47:9-49:20
	android:name
		ADDED from src/main/AndroidManifest.xml:48:13-96
activity#com.google.android.gms.tagmanager.PreviewActivity
ADDED from src/main/AndroidManifest.xml:52:9-62:20
	android:label
		ADDED from src/main/AndroidManifest.xml:54:13-45
	android:noHistory
		ADDED from src/main/AndroidManifest.xml:55:13-37
	android:name
		ADDED from src/main/AndroidManifest.xml:53:13-77
intent-filter#android.intent.action.VIEW+android.intent.category.BROWSABLE+android.intent.category.DEFAULT
ADDED from src/main/AndroidManifest.xml:56:13-61:29
data
ADDED from src/main/AndroidManifest.xml:57:15-104
	android:scheme
		ADDED from src/main/AndroidManifest.xml:57:21-101
action#android.intent.action.VIEW
ADDED from src/main/AndroidManifest.xml:58:15-67
	android:name
		ADDED from src/main/AndroidManifest.xml:58:23-64
category#android.intent.category.DEFAULT
ADDED from src/main/AndroidManifest.xml:59:15-74
	android:name
		ADDED from src/main/AndroidManifest.xml:59:25-71
category#android.intent.category.BROWSABLE
ADDED from src/main/AndroidManifest.xml:60:15-75
	android:name
		ADDED from src/main/AndroidManifest.xml:60:25-73